#
# There is insufficient memory for the Java Runtime Environment to continue.
# Native memory allocation (mmap) failed to map 130023424 bytes for G1 virtual space
# Possible reasons:
#   The system is out of physical RAM or swap space
#   The process is running with CompressedOops enabled, and the Java Heap may be blocking the growth of the native heap
# Possible solutions:
#   Reduce memory load on the system
#   Increase physical memory or swap space
#   Check if swap backing store is full
#   Decrease Java heap size (-Xmx/-Xms)
#   Decrease number of Java threads
#   Decrease Java thread stack sizes (-Xss)
#   Set larger code cache with -XX:ReservedCodeCacheSize=
#   JVM is running with Unscaled Compressed Oops mode in which the Java heap is
#     placed in the first 4GB address space. The Java Heap base address is the
#     maximum limit for the native heap growth. Please use -XX:HeapBaseMinAddress
#     to set the Java Heap base and to place the Java Heap above 4GB virtual address.
# This output file may be truncated or incomplete.
#
#  Out of Memory Error (os_windows.cpp:3530), pid=27956, tid=8084
#
# JRE version:  (18.0.2+9) (build )
# Java VM: Java HotSpot(TM) 64-Bit Server VM (18.0.2+9-61, mixed mode, sharing, tiered, compressed oops, compressed class ptrs, g1 gc, windows-amd64)
# No core dump will be written. Minidumps are not enabled by default on client versions of Windows
#

---------------  S U M M A R Y ------------

Command Line: -Dfile.encoding=UTF-8 --module-path=C:\Users\Sujay\Desktop\JAVA Main Project\bank management system\build\classes bank.management.system.Login

Host: Intel(R) Core(TM) i5-4300U CPU @ 1.90GHz, 4 cores, 7G,  Windows 10 , 64 bit Build 19041 (10.0.19041.2364)
Time: Sun Jan  8 19:57:25 2023 India Standard Time elapsed time: 0.028468 seconds (0d 0h 0m 0s)

---------------  T H R E A D  ---------------

Current thread (0x0000026dff630670):  JavaThread "Unknown thread" [_thread_in_vm, id=8084, stack(0x000000976aa00000,0x000000976ab00000)]

Stack: [0x000000976aa00000,0x000000976ab00000]
Native frames: (J=compiled Java code, j=interpreted, Vv=VM code, C=native code)
V  [jvm.dll+0x6993ca]
V  [jvm.dll+0x7f481d]
V  [jvm.dll+0x7f612e]
V  [jvm.dll+0x7f67e3]
V  [jvm.dll+0x25cdaf]
V  [jvm.dll+0x696319]
V  [jvm.dll+0x68ae4a]
V  [jvm.dll+0x3223eb]
V  [jvm.dll+0x329dc6]
V  [jvm.dll+0x37eade]
V  [jvm.dll+0x37ed0f]
V  [jvm.dll+0x2fa16a]
V  [jvm.dll+0x2fb1cd]
V  [jvm.dll+0x7c3450]
V  [jvm.dll+0x38be61]
V  [jvm.dll+0x7a2073]
V  [jvm.dll+0x40dc3f]
V  [jvm.dll+0x40f611]
C  [jli.dll+0x526b]
C  [ucrtbase.dll+0x21bb2]
C  [KERNEL32.DLL+0x17614]
C  [ntdll.dll+0x526a1]


---------------  P R O C E S S  ---------------

Threads class SMR info:
_java_thread_list=0x00007ffe84fde550, length=0, elements={
}

Java Threads: ( => current thread )

Other Threads:
  0x0000026dff68b370 WorkerThread "GC Thread#0" [stack: 0x000000976ab00000,0x000000976ac00000] [id=26636]
  0x0000026dff69b8e0 ConcurrentGCThread "G1 Main Marker" [stack: 0x000000976ac00000,0x000000976ad00000] [id=9284]
  0x0000026dff69ca70 WorkerThread "G1 Conc#0" [stack: 0x000000976ad00000,0x000000976ae00000] [id=28252]

[error occurred during error reporting (printing all threads), id 0xc0000005, EXCEPTION_ACCESS_VIOLATION (0xc0000005) at pc=0x00007ffe8480a707]

VM state: not at safepoint (not fully initialized)

VM Mutex/Monitor currently owned by a thread:  ([mutex/lock_event])
[0x0000026dff62eef0] Heap_lock - owner thread: 0x0000026dff630670

Heap address: 0x0000000084e00000, size: 1970 MB, Compressed Oops mode: 32-bit

CDS archive(s) mapped at: [0x0000000000000000-0x0000000000000000-0x0000000000000000), size 0, SharedBaseAddress: 0x0000000800000000, ArchiveRelocationMode: 0.
Narrow klass base: 0x0000000000000000, Narrow klass shift: 0, Narrow klass range: 0x0

GC Precious Log:
 CardTable entry size: 512
 Card Set container configuration: InlinePtr #cards 5 size 8 Array Of Cards #cards 12 size 40 Howl #buckets 4 coarsen threshold 1843 Howl Bitmap #cards 512 size 80 coarsen threshold 460 Card regions per heap region 1 cards per card region 2048

Heap:
 garbage-first heap   total 0K, used 0K [0x0000000084e00000, 0x0000000100000000)
  region size 1024K, 0 young (0K), 0 survivors (0K)

[error occurred during error reporting (printing heap information), id 0xc0000005, EXCEPTION_ACCESS_VIOLATION (0xc0000005) at pc=0x00007ffe84bf1859]

GC Heap History (0 events):
No events

Deoptimization events (0 events):
No events

Classes loaded (0 events):
No events

Classes unloaded (0 events):
No events

Classes redefined (0 events):
No events

Internal exceptions (0 events):
No events

VM Operations (0 events):
No events

Events (1 events):
Event: 0.018 Loaded shared library C:\Program Files\Java\jdk-18.0.2\bin\java.dll


Dynamic libraries:
0x00007ff634790000 - 0x00007ff6347a0000 	C:\Program Files\Java\jdk-18.0.2\bin\java.exe
0x00007ffef9510000 - 0x00007ffef9708000 	C:\Windows\SYSTEM32\ntdll.dll
0x00007ffef7750000 - 0x00007ffef780f000 	C:\Windows\System32\KERNEL32.DLL
0x00007ffef7120000 - 0x00007ffef73f2000 	C:\Windows\System32\KERNELBASE.dll
0x00007ffef6e20000 - 0x00007ffef6f20000 	C:\Windows\System32\ucrtbase.dll
0x00007ffea5880000 - 0x00007ffea589a000 	C:\Program Files\Java\jdk-18.0.2\bin\VCRUNTIME140.dll
0x00007ffef0f10000 - 0x00007ffef0f28000 	C:\Program Files\Java\jdk-18.0.2\bin\jli.dll
0x00007ffef90c0000 - 0x00007ffef916e000 	C:\Windows\System32\ADVAPI32.dll
0x00007ffef8660000 - 0x00007ffef86fe000 	C:\Windows\System32\msvcrt.dll
0x00007ffef7f70000 - 0x00007ffef800c000 	C:\Windows\System32\sechost.dll
0x00007ffef8490000 - 0x00007ffef85b5000 	C:\Windows\System32\RPCRT4.dll
0x00007ffef7d20000 - 0x00007ffef7ec1000 	C:\Windows\System32\USER32.dll
0x00007ffee36f0000 - 0x00007ffee398a000 	C:\Windows\WinSxS\amd64_microsoft.windows.common-controls_6595b64144ccf1df_6.0.19041.1110_none_60b5254171f9507e\COMCTL32.dll
0x00007ffef6c00000 - 0x00007ffef6c22000 	C:\Windows\System32\win32u.dll
0x00007ffef85c0000 - 0x00007ffef85eb000 	C:\Windows\System32\GDI32.dll
0x00007ffef6fe0000 - 0x00007ffef70ef000 	C:\Windows\System32\gdi32full.dll
0x00007ffef74b0000 - 0x00007ffef754d000 	C:\Windows\System32\msvcp_win.dll
0x00007ffee92c0000 - 0x00007ffee92ca000 	C:\Windows\SYSTEM32\VERSION.dll
0x00007ffef7f30000 - 0x00007ffef7f62000 	C:\Windows\System32\IMM32.DLL
0x00007ffef0a80000 - 0x00007ffef0a8c000 	C:\Program Files\Java\jdk-18.0.2\bin\vcruntime140_1.dll
0x00007ffe889b0000 - 0x00007ffe88a3d000 	C:\Program Files\Java\jdk-18.0.2\bin\msvcp140.dll
0x00007ffe84500000 - 0x00007ffe85111000 	C:\Program Files\Java\jdk-18.0.2\bin\server\jvm.dll
0x00007ffef8880000 - 0x00007ffef8888000 	C:\Windows\System32\PSAPI.DLL
0x00007ffeef130000 - 0x00007ffeef139000 	C:\Windows\SYSTEM32\WSOCK32.dll
0x00007ffee53c0000 - 0x00007ffee53e7000 	C:\Windows\SYSTEM32\WINMM.dll
0x00007ffef8810000 - 0x00007ffef887b000 	C:\Windows\System32\WS2_32.dll
0x00007ffef5450000 - 0x00007ffef5462000 	C:\Windows\SYSTEM32\kernel.appcore.dll
0x00007ffeec310000 - 0x00007ffeec31a000 	C:\Program Files\Java\jdk-18.0.2\bin\jimage.dll
0x00007ffee4f20000 - 0x00007ffee5104000 	C:\Windows\SYSTEM32\DBGHELP.DLL
0x00007ffee60f0000 - 0x00007ffee6125000 	C:\Windows\SYSTEM32\dbgcore.DLL
0x00007ffef6c30000 - 0x00007ffef6cb2000 	C:\Windows\System32\bcryptPrimitives.dll
0x00007ffe88cf0000 - 0x00007ffe88d15000 	C:\Program Files\Java\jdk-18.0.2\bin\java.dll

dbghelp: loaded successfully - version: 4.0.5 - missing functions: none
symbol engine: initialized successfully - sym options: 0x614 - pdb path: .;C:\Program Files\Java\jdk-18.0.2\bin;C:\Windows\SYSTEM32;C:\Windows\WinSxS\amd64_microsoft.windows.common-controls_6595b64144ccf1df_6.0.19041.1110_none_60b5254171f9507e;C:\Program Files\Java\jdk-18.0.2\bin\server

VM Arguments:
jvm_args: -Dfile.encoding=UTF-8 --module-path=C:\Users\Sujay\Desktop\JAVA Main Project\bank management system\build\classes 
java_command: bank.management.system.Login
java_class_path (initial): C:\Users\Sujay\Downloads\jcalendar-tz-1.3.3-4.jar;C:\Users\Sujay\Downloads\mysql-connector-j-8.0.31.jar;C:\Users\Sujay\Desktop\JAVA Main Project\bank management system\build\classes
Launcher Type: SUN_STANDARD

[Global flags]
     intx CICompilerCount                          = 3                                         {product} {ergonomic}
     uint ConcGCThreads                            = 1                                         {product} {ergonomic}
     uint G1ConcRefinementThreads                  = 4                                         {product} {ergonomic}
   size_t G1HeapRegionSize                         = 1048576                                   {product} {ergonomic}
    uintx GCDrainStackTargetSize                   = 64                                        {product} {ergonomic}
   size_t InitialHeapSize                          = 130023424                                 {product} {ergonomic}
   size_t MarkStackSize                            = 4194304                                   {product} {ergonomic}
   size_t MaxHeapSize                              = 2065694720                                {product} {ergonomic}
   size_t MinHeapDeltaBytes                        = 1048576                                   {product} {ergonomic}
   size_t MinHeapSize                              = 8388608                                   {product} {ergonomic}
    uintx NonNMethodCodeHeapSize                   = 5832780                                {pd product} {ergonomic}
    uintx NonProfiledCodeHeapSize                  = 122912730                              {pd product} {ergonomic}
    uintx ProfiledCodeHeapSize                     = 122912730                              {pd product} {ergonomic}
    uintx ReservedCodeCacheSize                    = 251658240                              {pd product} {ergonomic}
     bool SegmentedCodeCache                       = true                                      {product} {ergonomic}
   size_t SoftMaxHeapSize                          = 2065694720                             {manageable} {ergonomic}
     bool UseCompressedClassPointers               = true                           {product lp64_product} {ergonomic}
     bool UseCompressedOops                        = true                           {product lp64_product} {ergonomic}
     bool UseG1GC                                  = true                                      {product} {ergonomic}
     bool UseLargePagesIndividualAllocation        = false                                  {pd product} {ergonomic}

Logging:
Log output configuration:
 #0: stdout all=warning uptime,level,tags foldmultilines=false
 #1: stderr all=off uptime,level,tags foldmultilines=false

Environment Variables:
PATH=C:\Program Files\Common Files\Oracle\Java\javapath;C:\Windows\system32;C:\Windows;C:\Windows\System32\Wbem;C:\Windows\System32\WindowsPowerShell\v1.0\;C:\Windows\System32\OpenSSH\;C:\Program Files\Git\cmd;C:\Program Files\nodejs\;C:\Program Files\dotnet\;C:\src\flutter\bin;C:\Users\Sushant\AppData\Local\Pub\Cache\bin;C:\Users\Sujay\AppData\Local\Microsoft\WindowsApps;;C:\Users\Sujay\AppData\Local\JetBrains\IntelliJ IDEA Community Edition 2022.3.1\bin;
USERNAME=Sujay
OS=Windows_NT
PROCESSOR_IDENTIFIER=Intel64 Family 6 Model 69 Stepping 1, GenuineIntel



---------------  S Y S T E M  ---------------

OS:
 Windows 10 , 64 bit Build 19041 (10.0.19041.2364)
OS uptime: 12 days 1:45 hours

CPU: total 4 (initial active 4) (2 cores per cpu, 2 threads per core) family 6 model 69 stepping 1 microcode 0x26, cx8, cmov, fxsr, ht, mmx, sse, sse2, sse3, ssse3, sse4.1, sse4.2, popcnt, lzcnt, tsc, tscinvbit, avx, avx2, aes, erms, clmul, bmi1, bmi2, fma, vzeroupper, clflush

Memory: 4k page, system-wide physical 7878M (371M free)
TotalPageFile size 32454M (AvailPageFile size 88M)
current process WorkingSet (physical memory assigned to process): 10M, peak: 10M
current process commit charge ("private bytes"): 52M, peak: 175M

vm_info: Java HotSpot(TM) 64-Bit Server VM (18.0.2+9-61) for windows-amd64 JRE (18.0.2+9-61), built on Jun  7 2022 13:09:01 by "mach5one" with MS VC++ 16.8 / 16.9 (VS2019)

END.
